09-May-2023 07:09:38,535 root INFO INIT VARS
09-May-2023 07:10:34,863 root INFO INIT VARS
09-May-2023 07:10:34,863 root INFO INIT GAME OBJECTS
09-May-2023 07:10:34,863 root INFO Creating Game Core
09-May-2023 07:10:34,863 root INFO INIT FUNCTION
09-May-2023 07:11:07,373 root INFO INIT VARS
09-May-2023 07:11:07,373 root INFO INIT GAME OBJECTS
09-May-2023 07:11:07,373 root INFO Creating Game Core
09-May-2023 07:11:07,374 root INFO INIT FUNCTION
09-May-2023 07:12:11,476 root INFO INIT VARS
09-May-2023 07:12:11,477 root INFO INIT GAME OBJECTS
09-May-2023 07:12:11,477 root INFO Creating Game Core
09-May-2023 07:12:11,477 root INFO INIT FUNCTION
09-May-2023 07:12:18,29 root INFO INIT VARS
09-May-2023 07:12:18,29 root INFO INIT GAME OBJECTS
09-May-2023 07:12:18,30 root INFO Creating Game Core
09-May-2023 07:12:18,30 root INFO INIT FUNCTION
09-May-2023 07:13:10,14 root INFO INIT VARS
09-May-2023 07:13:10,14 root INFO INIT GAME OBJECTS
09-May-2023 07:13:10,14 root INFO Creating Game Core
09-May-2023 07:13:10,14 root INFO INIT FUNCTION
09-May-2023 07:14:38,265 root INFO INIT VARS
09-May-2023 07:14:38,265 root INFO INIT GAME OBJECTS
09-May-2023 07:14:38,265 root INFO Creating Game Core
09-May-2023 07:14:38,265 root INFO INIT FUNCTION
09-May-2023 07:18:13,407 root INFO INIT VARS
09-May-2023 07:18:13,408 root INFO INIT GAME OBJECTS
09-May-2023 07:18:13,408 root INFO Creating Game Core
09-May-2023 07:18:13,408 root INFO INIT FUNCTION
09-May-2023 07:23:05,191 root INFO INIT VARS
09-May-2023 07:23:05,191 root INFO INIT GAME OBJECTS
09-May-2023 07:23:05,191 root INFO Creating Game Core
09-May-2023 07:23:05,191 root INFO VARIABLES
09-May-2023 07:23:05,191 root INFO INIT FUNCTION
09-May-2023 07:23:50,479 root INFO INIT VARS
09-May-2023 07:23:50,479 root INFO INIT GAME OBJECTS
09-May-2023 07:23:50,479 root INFO Creating Game Core
09-May-2023 07:23:50,479 root INFO VARIABLES
09-May-2023 07:23:50,479 root INFO INIT FUNCTION
09-May-2023 07:27:01,161 root INFO INIT VARS
09-May-2023 07:27:01,161 root INFO INIT GAME OBJECTS
09-May-2023 07:27:01,161 root INFO Creating Game Core
09-May-2023 07:27:01,161 root INFO VARIABLES
09-May-2023 07:27:01,162 root INFO INIT FUNCTION
09-May-2023 07:27:58,411 root INFO INIT VARS
09-May-2023 07:27:58,412 root INFO INIT GAME OBJECTS
09-May-2023 07:27:58,412 root INFO Creating Game Core
09-May-2023 07:27:58,412 root INFO VARIABLES
09-May-2023 07:27:58,412 root INFO INIT FUNCTION
09-May-2023 07:28:42,589 root INFO INIT VARS
09-May-2023 07:28:42,590 root INFO INIT GAME OBJECTS
09-May-2023 07:28:42,590 root INFO Creating Game Core
09-May-2023 07:28:42,590 root INFO VARIABLES
09-May-2023 07:28:42,590 root INFO INIT FUNCTION
09-May-2023 07:30:03,232 root INFO INIT VARS
09-May-2023 07:30:03,233 root INFO INIT GAME OBJECTS
09-May-2023 07:30:03,233 root INFO Creating Game Core
09-May-2023 07:30:03,233 root INFO VARIABLES
09-May-2023 07:30:03,234 root INFO INIT FUNCTION
09-May-2023 07:31:32,936 root INFO INIT VARS
09-May-2023 07:31:32,936 root INFO INIT GAME OBJECTS
09-May-2023 07:31:32,936 root INFO Creating Game Core
09-May-2023 07:31:32,936 root INFO VARIABLES
09-May-2023 07:31:32,936 root INFO INIT FUNCTION
